[0.252s] Invoking command in '/home/meip-users/tb3_op/build/tb3_op': CMAKE_PREFIX_PATH=/opt/ros/humble /usr/bin/cmake --build /home/meip-users/tb3_op/build/tb3_op -- -j8 -l8
[0.291s] [ 50%] [32mBuilding CXX object CMakeFiles/tb3_op_node.dir/src/tb3_op_node.cpp.o[0m
[0.320s] [01m[K/home/meip-users/tb3_op/src/tb3_op/src/tb3_op_node.cpp:3:10:[m[K [01;31m[Kfatal error: [m[Kstd_msgs/std_msgs/msg/int32.hpp: No such file or directory
[0.320s]     3 | #include [01;31m[K<std_msgs/std_msgs/msg/int32.hpp>[m[K
[0.320s]       |          [01;31m[K^~~~~~~~~~~~~~~~~~~~~~~~~~~~~~~~~[m[K
[0.320s] compilation terminated.
[0.321s] gmake[2]: *** [CMakeFiles/tb3_op_node.dir/build.make:76: CMakeFiles/tb3_op_node.dir/src/tb3_op_node.cpp.o] Error 1
[0.321s] gmake[1]: *** [CMakeFiles/Makefile2:137: CMakeFiles/tb3_op_node.dir/all] Error 2
[0.322s] gmake: *** [Makefile:146: all] Error 2
[0.323s] Invoked command in '/home/meip-users/tb3_op/build/tb3_op' returned '2': CMAKE_PREFIX_PATH=/opt/ros/humble /usr/bin/cmake --build /home/meip-users/tb3_op/build/tb3_op -- -j8 -l8
