[0.250s] Invoking command in '/home/meip-users/tb3_op/build/tb3_op': CMAKE_PREFIX_PATH=/opt/ros/humble /usr/bin/cmake --build /home/meip-users/tb3_op/build/tb3_op -- -j8 -l8
[0.286s] [ 50%] [32mBuilding CXX object CMakeFiles/tb3_op_node.dir/src/tb3_op_node.cpp.o[0m
[0.315s] [01m[K/home/meip-users/tb3_op/src/tb3_op/src/tb3_op_node.cpp:3:10:[m[K [01;31m[Kfatal error: [m[Kint32.hpp: No such file or directory
[0.315s]     3 | #include [01;31m[K"int32.hpp"[m[K
[0.315s]       |          [01;31m[K^~~~~~~~~~~[m[K
[0.315s] compilation terminated.
[0.316s] gmake[2]: *** [CMakeFiles/tb3_op_node.dir/build.make:76: CMakeFiles/tb3_op_node.dir/src/tb3_op_node.cpp.o] Error 1
[0.316s] gmake[1]: *** [CMakeFiles/Makefile2:137: CMakeFiles/tb3_op_node.dir/all] Error 2
[0.317s] gmake: *** [Makefile:146: all] Error 2
[0.318s] Invoked command in '/home/meip-users/tb3_op/build/tb3_op' returned '2': CMAKE_PREFIX_PATH=/opt/ros/humble /usr/bin/cmake --build /home/meip-users/tb3_op/build/tb3_op -- -j8 -l8
