[0.069s] Invoking command in '/home/meip-users/tb3_op/build/tb3_op': CMAKE_PREFIX_PATH=${CMAKE_PREFIX_PATH}:/home/meip-users/tb3_op/install/tb3_learning_py:/opt/ros/humble /usr/bin/cmake --build /home/meip-users/tb3_op/build/tb3_op -- -j8 -l8
[0.121s] [ 50%] [32mBuilding CXX object CMakeFiles/tb3_op_node.dir/src/tb3_op_node.cpp.o[0m
[1.914s] [01m[K/home/meip-users/tb3_op/src/tb3_op/src/tb3_op_node.cpp:[m[K In function â€˜[01m[Kvoid moveCallback(std_msgs::msg::Int32_<std::allocator<void> >::UniquePtr)[m[Kâ€™:
[1.915s] [01m[K/home/meip-users/tb3_op/src/tb3_op/src/tb3_op_node.cpp:94:16:[m[K [01;31m[Kerror: [m[Kexpected â€˜[01m[K;[m[Kâ€™ before â€˜[01m[Kif[m[Kâ€™
[1.915s]    94 |   msg->data = 0
[1.915s]       |                [01;31m[K^[m[K
[1.915s]       |                [32m[K;[m[K
[1.915s]    95 | 
[1.915s]    96 |   [32m[Kif[m[K (msg->data == 0){
[1.915s]       |   [32m[K~~[m[K            
[1.915s] [01m[K/home/meip-users/tb3_op/src/tb3_op/src/tb3_op_node.cpp:99:3:[m[K [01;31m[Kerror: [m[Kâ€˜[01m[Kelse[m[Kâ€™ without a previous â€˜[01m[Kif[m[Kâ€™
[1.915s]    99 |   [01;31m[Kelse[m[K if (msg->data == 1){
[1.915s]       |   [01;31m[K^~~~[m[K
[4.479s] [01m[K/home/meip-users/tb3_op/src/tb3_op/src/tb3_op_node.cpp:[m[K At global scope:
[4.479s] [01m[K/home/meip-users/tb3_op/src/tb3_op/src/tb3_op_node.cpp:146:13:[m[K [01;35m[Kwarning: [m[Kâ€˜[01m[Kvoid realScanCallback(sensor_msgs::msg::LaserScan_<std::allocator<void> >::SharedPtr)[m[Kâ€™ defined but not used [[01;35m[K]8;;https://gcc.gnu.org/onlinedocs/gcc/Warning-Options.html#index-Wunused-function-Wunused-function]8;;[m[K]
[4.479s]   146 | static void [01;35m[KrealScanCallback[m[K(const sensor_msgs::msg::LaserScan::SharedPtr msg) {
[4.479s]       |             [01;35m[K^~~~~~~~~~~~~~~~[m[K
[4.479s] [01m[K/home/meip-users/tb3_op/src/tb3_op/src/tb3_op_node.cpp:39:13:[m[K [01;35m[Kwarning: [m[Kâ€˜[01m[Kvoid go_forward()[m[Kâ€™ defined but not used [[01;35m[K]8;;https://gcc.gnu.org/onlinedocs/gcc/Warning-Options.html#index-Wunused-function-Wunused-function]8;;[m[K]
[4.479s]    39 | static void [01;35m[Kgo_forward[m[K(void) {
[4.479s]       |             [01;35m[K^~~~~~~~~~[m[K
[4.479s] [01m[K/home/meip-users/tb3_op/src/tb3_op/src/tb3_op_node.cpp:30:13:[m[K [01;35m[Kwarning: [m[Kâ€˜[01m[Kvoid write_csv(double*)[m[Kâ€™ defined but not used [[01;35m[K]8;;https://gcc.gnu.org/onlinedocs/gcc/Warning-Options.html#index-Wunused-function-Wunused-function]8;;[m[K]
[4.479s]    30 | static void [01;35m[Kwrite_csv[m[K(double* time_list){
[4.479s]       |             [01;35m[K^~~~~~~~~[m[K
[4.502s] gmake[2]: *** [CMakeFiles/tb3_op_node.dir/build.make:76: CMakeFiles/tb3_op_node.dir/src/tb3_op_node.cpp.o] Error 1
[4.502s] gmake[1]: *** [CMakeFiles/Makefile2:137: CMakeFiles/tb3_op_node.dir/all] Error 2
[4.502s] gmake: *** [Makefile:146: all] Error 2
[4.505s] Invoked command in '/home/meip-users/tb3_op/build/tb3_op' returned '2': CMAKE_PREFIX_PATH=${CMAKE_PREFIX_PATH}:/home/meip-users/tb3_op/install/tb3_learning_py:/opt/ros/humble /usr/bin/cmake --build /home/meip-users/tb3_op/build/tb3_op -- -j8 -l8
