[ 50%] [32mBuilding CXX object CMakeFiles/tb3_op_node.dir/src/tb3_op_node.cpp.o[0m
[01m[K/home/meip-users/tb3_op/src/tb3_op/src/tb3_op_node.cpp:200:3:[m[K [01;31m[Kerror: [m[Kempty character constant
  200 |   [01;31m[K''[m[K'
      |   [01;31m[K^~[m[K
[01m[K/home/meip-users/tb3_op/src/tb3_op/src/tb3_op_node.cpp:200:5:[m[K [01;35m[Kwarning: [m[Kmissing terminating ' character
  200 |   ''[01;35m[K'[m[K
      |     [01;35m[K^[m[K
[01m[K/home/meip-users/tb3_op/src/tb3_op/src/tb3_op_node.cpp:200:5:[m[K [01;31m[Kerror: [m[Kmissing terminating ' character
[01m[K/home/meip-users/tb3_op/src/tb3_op/src/tb3_op_node.cpp:203:3:[m[K [01;31m[Kerror: [m[Kempty character constant
  203 |   [01;31m[K''[m[K'
      |   [01;31m[K^~[m[K
[01m[K/home/meip-users/tb3_op/src/tb3_op/src/tb3_op_node.cpp:203:5:[m[K [01;35m[Kwarning: [m[Kmissing terminating ' character
  203 |   ''[01;35m[K'[m[K
      |     [01;35m[K^[m[K
[01m[K/home/meip-users/tb3_op/src/tb3_op/src/tb3_op_node.cpp:203:5:[m[K [01;31m[Kerror: [m[Kmissing terminating ' character
[01m[K/home/meip-users/tb3_op/src/tb3_op/src/tb3_op_node.cpp:[m[K In function â€˜[01m[Kint main(int, char**)[m[Kâ€™:
[01m[K/home/meip-users/tb3_op/src/tb3_op/src/tb3_op_node.cpp:200:5:[m[K [01;31m[Kerror: [m[Kexpected â€˜[01m[K;[m[Kâ€™ before â€˜[01m[Kauto[m[Kâ€™
  200 |   ''[01;31m[K'[m[K
      |     [01;31m[K^[m[K
      |     [32m[K;[m[K
  201 |   [32m[Kauto[m[K dis_subscriber = node->create_subscription<sensor_msgs::msg::LaserScan>(
      |   [32m[K~~~~[m[K
[01m[K/home/meip-users/tb3_op/src/tb3_op/src/tb3_op_node.cpp:200:3:[m[K [01;35m[Kwarning: [m[Kstatement has no effect [[01;35m[K]8;;https://gcc.gnu.org/onlinedocs/gcc/Warning-Options.html#index-Wunused-value-Wunused-value]8;;[m[K]
  200 |   [01;35m[K''[m[K'
      |   [01;35m[K^~[m[K
[01m[K/home/meip-users/tb3_op/src/tb3_op/src/tb3_op_node.cpp:203:5:[m[K [01;31m[Kerror: [m[Kexpected â€˜[01m[K;[m[Kâ€™ before â€˜[01m[Kauto[m[Kâ€™
  203 |   ''[01;31m[K'[m[K
      |     [01;31m[K^[m[K
      |     [32m[K;[m[K
  204 | 
  205 |   [32m[Kauto[m[K dir_subscriber = node->create_subscription<std_msgs::msg::Int32>(
      |   [32m[K~~~~[m[K
[01m[K/home/meip-users/tb3_op/src/tb3_op/src/tb3_op_node.cpp:203:3:[m[K [01;35m[Kwarning: [m[Kstatement has no effect [[01;35m[K]8;;https://gcc.gnu.org/onlinedocs/gcc/Warning-Options.html#index-Wunused-value-Wunused-value]8;;[m[K]
  203 |   [01;35m[K''[m[K'
      |   [01;35m[K^~[m[K
[01m[K/home/meip-users/tb3_op/src/tb3_op/src/tb3_op_node.cpp:[m[K At global scope:
[01m[K/home/meip-users/tb3_op/src/tb3_op/src/tb3_op_node.cpp:145:13:[m[K [01;35m[Kwarning: [m[Kâ€˜[01m[Kvoid realScanCallback(sensor_msgs::msg::LaserScan_<std::allocator<void> >::SharedPtr)[m[Kâ€™ defined but not used [[01;35m[K]8;;https://gcc.gnu.org/onlinedocs/gcc/Warning-Options.html#index-Wunused-function-Wunused-function]8;;[m[K]
  145 | static void [01;35m[KrealScanCallback[m[K(const sensor_msgs::msg::LaserScan::SharedPtr msg) {
      |             [01;35m[K^~~~~~~~~~~~~~~~[m[K
[01m[K/home/meip-users/tb3_op/src/tb3_op/src/tb3_op_node.cpp:82:13:[m[K [01;35m[Kwarning: [m[Kâ€˜[01m[Kvoid moveCallback(std_msgs::msg::Int32_<std::allocator<void> >::UniquePtr)[m[Kâ€™ defined but not used [[01;35m[K]8;;https://gcc.gnu.org/onlinedocs/gcc/Warning-Options.html#index-Wunused-function-Wunused-function]8;;[m[K]
   82 | static void [01;35m[KmoveCallback[m[K(const std_msgs::msg::Int32::UniquePtr msg) {
      |             [01;35m[K^~~~~~~~~~~~[m[K
[01m[K/home/meip-users/tb3_op/src/tb3_op/src/tb3_op_node.cpp:30:13:[m[K [01;35m[Kwarning: [m[Kâ€˜[01m[Kvoid write_csv(double*)[m[Kâ€™ defined but not used [[01;35m[K]8;;https://gcc.gnu.org/onlinedocs/gcc/Warning-Options.html#index-Wunused-function-Wunused-function]8;;[m[K]
   30 | static void [01;35m[Kwrite_csv[m[K(double* time_list){
      |             [01;35m[K^~~~~~~~~[m[K
gmake[2]: *** [CMakeFiles/tb3_op_node.dir/build.make:76: CMakeFiles/tb3_op_node.dir/src/tb3_op_node.cpp.o] Error 1
gmake[1]: *** [CMakeFiles/Makefile2:137: CMakeFiles/tb3_op_node.dir/all] Error 2
gmake: *** [Makefile:146: all] Error 2
