[0.068s] Invoking command in '/home/meip-users/tb3_op/build/tb3_op': CMAKE_PREFIX_PATH=${CMAKE_PREFIX_PATH}:/home/meip-users/tb3_op/install/tb3_learning_py:/opt/ros/humble /usr/bin/cmake --build /home/meip-users/tb3_op/build/tb3_op -- -j8 -l8
[0.111s] [ 50%] [32mBuilding CXX object CMakeFiles/tb3_op_node.dir/src/tb3_op_node.cpp.o[0m
[0.259s] [01m[K/home/meip-users/tb3_op/src/tb3_op/src/tb3_op_node.cpp:200:3:[m[K [01;31m[Kerror: [m[Kempty character constant
[0.259s]   200 |   [01;31m[K''[m[K'
[0.259s]       |   [01;31m[K^~[m[K
[0.259s] [01m[K/home/meip-users/tb3_op/src/tb3_op/src/tb3_op_node.cpp:200:5:[m[K [01;35m[Kwarning: [m[Kmissing terminating ' character
[0.259s]   200 |   ''[01;35m[K'[m[K
[0.259s]       |     [01;35m[K^[m[K
[0.259s] [01m[K/home/meip-users/tb3_op/src/tb3_op/src/tb3_op_node.cpp:200:5:[m[K [01;31m[Kerror: [m[Kmissing terminating ' character
[0.259s] [01m[K/home/meip-users/tb3_op/src/tb3_op/src/tb3_op_node.cpp:203:3:[m[K [01;31m[Kerror: [m[Kempty character constant
[0.259s]   203 |   [01;31m[K''[m[K'
[0.260s]       |   [01;31m[K^~[m[K
[0.260s] [01m[K/home/meip-users/tb3_op/src/tb3_op/src/tb3_op_node.cpp:203:5:[m[K [01;35m[Kwarning: [m[Kmissing terminating ' character
[0.260s]   203 |   ''[01;35m[K'[m[K
[0.260s]       |     [01;35m[K^[m[K
[0.260s] [01m[K/home/meip-users/tb3_op/src/tb3_op/src/tb3_op_node.cpp:203:5:[m[K [01;31m[Kerror: [m[Kmissing terminating ' character
[1.855s] [01m[K/home/meip-users/tb3_op/src/tb3_op/src/tb3_op_node.cpp:[m[K In function â€˜[01m[Kint main(int, char**)[m[Kâ€™:
[1.855s] [01m[K/home/meip-users/tb3_op/src/tb3_op/src/tb3_op_node.cpp:200:5:[m[K [01;31m[Kerror: [m[Kexpected â€˜[01m[K;[m[Kâ€™ before â€˜[01m[Kauto[m[Kâ€™
[1.855s]   200 |   ''[01;31m[K'[m[K
[1.855s]       |     [01;31m[K^[m[K
[1.855s]       |     [32m[K;[m[K
[1.855s]   201 |   [32m[Kauto[m[K dis_subscriber = node->create_subscription<sensor_msgs::msg::LaserScan>(
[1.855s]       |   [32m[K~~~~[m[K
[1.855s] [01m[K/home/meip-users/tb3_op/src/tb3_op/src/tb3_op_node.cpp:200:3:[m[K [01;35m[Kwarning: [m[Kstatement has no effect [[01;35m[K]8;;https://gcc.gnu.org/onlinedocs/gcc/Warning-Options.html#index-Wunused-value-Wunused-value]8;;[m[K]
[1.855s]   200 |   [01;35m[K''[m[K'
[1.855s]       |   [01;35m[K^~[m[K
[1.856s] [01m[K/home/meip-users/tb3_op/src/tb3_op/src/tb3_op_node.cpp:203:5:[m[K [01;31m[Kerror: [m[Kexpected â€˜[01m[K;[m[Kâ€™ before â€˜[01m[Kauto[m[Kâ€™
[1.856s]   203 |   ''[01;31m[K'[m[K
[1.856s]       |     [01;31m[K^[m[K
[1.856s]       |     [32m[K;[m[K
[1.856s]   204 | 
[1.856s]   205 |   [32m[Kauto[m[K dir_subscriber = node->create_subscription<std_msgs::msg::Int32>(
[1.856s]       |   [32m[K~~~~[m[K
[1.856s] [01m[K/home/meip-users/tb3_op/src/tb3_op/src/tb3_op_node.cpp:203:3:[m[K [01;35m[Kwarning: [m[Kstatement has no effect [[01;35m[K]8;;https://gcc.gnu.org/onlinedocs/gcc/Warning-Options.html#index-Wunused-value-Wunused-value]8;;[m[K]
[1.856s]   203 |   [01;35m[K''[m[K'
[1.856s]       |   [01;35m[K^~[m[K
[3.753s] [01m[K/home/meip-users/tb3_op/src/tb3_op/src/tb3_op_node.cpp:[m[K At global scope:
[3.753s] [01m[K/home/meip-users/tb3_op/src/tb3_op/src/tb3_op_node.cpp:145:13:[m[K [01;35m[Kwarning: [m[Kâ€˜[01m[Kvoid realScanCallback(sensor_msgs::msg::LaserScan_<std::allocator<void> >::SharedPtr)[m[Kâ€™ defined but not used [[01;35m[K]8;;https://gcc.gnu.org/onlinedocs/gcc/Warning-Options.html#index-Wunused-function-Wunused-function]8;;[m[K]
[3.753s]   145 | static void [01;35m[KrealScanCallback[m[K(const sensor_msgs::msg::LaserScan::SharedPtr msg) {
[3.753s]       |             [01;35m[K^~~~~~~~~~~~~~~~[m[K
[3.753s] [01m[K/home/meip-users/tb3_op/src/tb3_op/src/tb3_op_node.cpp:82:13:[m[K [01;35m[Kwarning: [m[Kâ€˜[01m[Kvoid moveCallback(std_msgs::msg::Int32_<std::allocator<void> >::UniquePtr)[m[Kâ€™ defined but not used [[01;35m[K]8;;https://gcc.gnu.org/onlinedocs/gcc/Warning-Options.html#index-Wunused-function-Wunused-function]8;;[m[K]
[3.753s]    82 | static void [01;35m[KmoveCallback[m[K(const std_msgs::msg::Int32::UniquePtr msg) {
[3.754s]       |             [01;35m[K^~~~~~~~~~~~[m[K
[3.754s] [01m[K/home/meip-users/tb3_op/src/tb3_op/src/tb3_op_node.cpp:30:13:[m[K [01;35m[Kwarning: [m[Kâ€˜[01m[Kvoid write_csv(double*)[m[Kâ€™ defined but not used [[01;35m[K]8;;https://gcc.gnu.org/onlinedocs/gcc/Warning-Options.html#index-Wunused-function-Wunused-function]8;;[m[K]
[3.754s]    30 | static void [01;35m[Kwrite_csv[m[K(double* time_list){
[3.754s]       |             [01;35m[K^~~~~~~~~[m[K
[3.775s] gmake[2]: *** [CMakeFiles/tb3_op_node.dir/build.make:76: CMakeFiles/tb3_op_node.dir/src/tb3_op_node.cpp.o] Error 1
[3.775s] gmake[1]: *** [CMakeFiles/Makefile2:137: CMakeFiles/tb3_op_node.dir/all] Error 2
[3.775s] gmake: *** [Makefile:146: all] Error 2
[3.777s] Invoked command in '/home/meip-users/tb3_op/build/tb3_op' returned '2': CMAKE_PREFIX_PATH=${CMAKE_PREFIX_PATH}:/home/meip-users/tb3_op/install/tb3_learning_py:/opt/ros/humble /usr/bin/cmake --build /home/meip-users/tb3_op/build/tb3_op -- -j8 -l8
