-- Found ament_cmake: 1.3.5 (/opt/ros/humble/share/ament_cmake/cmake)
-- Override CMake install command with custom implementation using symlinks instead of copying resources
-- Found rclcpp: 16.0.6 (/opt/ros/humble/share/rclcpp/cmake)
-- Found rosidl_generator_c: 3.1.5 (/opt/ros/humble/share/rosidl_generator_c/cmake)
-- Found rosidl_adapter: 3.1.5 (/opt/ros/humble/share/rosidl_adapter/cmake)
-- Found rosidl_generator_cpp: 3.1.5 (/opt/ros/humble/share/rosidl_generator_cpp/cmake)
-- Using all available rosidl_typesupport_c: rosidl_typesupport_fastrtps_c;rosidl_typesupport_introspection_c
-- Using all available rosidl_typesupport_cpp: rosidl_typesupport_fastrtps_cpp;rosidl_typesupport_introspection_cpp
-- Found rmw_implementation_cmake: 6.1.1 (/opt/ros/humble/share/rmw_implementation_cmake/cmake)
-- Found rmw_fastrtps_cpp: 6.2.4 (/opt/ros/humble/share/rmw_fastrtps_cpp/cmake)
-- Using RMW implementation 'rmw_fastrtps_cpp' as default
-- Found pcl_conversions: 2.4.0 (/opt/ros/humble/share/pcl_conversions/cmake)
-- Found ament_lint_auto: 0.12.8 (/opt/ros/humble/share/ament_lint_auto/cmake)
-- Added test 'cppcheck' to perform static code analysis on C / C++ code
-- Configured cppcheck include dirs: $<BUILD_INTERFACE:/home/meip-users/tb3_op/src/tb3_op/include>
-- Configured cppcheck exclude dirs and/or files: 
-- Added test 'lint_cmake' to check CMake code style
-- Added test 'uncrustify' to check C / C++ code style
-- Configured uncrustify additional arguments: 
-- Added test 'xmllint' to check XML markup files
-- Configuring done
-- Generating done
-- Build files have been written to: /home/meip-users/tb3_op/build/tb3_op
[35m[1mConsolidate compiler generated dependencies of target tb3_op_node[0m
[ 50%] [32mBuilding CXX object CMakeFiles/tb3_op_node.dir/src/tb3_op_node.cpp.o[0m
[01m[K/home/meip-users/tb3_op/src/tb3_op/src/tb3_op_node.cpp:[m[K In function â€˜[01m[Kvoid cmdCallback(geometry_msgs::msg::Twist_<std::allocator<void> >::SharedPtr)[m[Kâ€™:
[01m[K/home/meip-users/tb3_op/src/tb3_op/src/tb3_op_node.cpp:31:7:[m[K [01;35m[Kwarning: [m[Kunused variable â€˜[01m[Ki[m[Kâ€™ [[01;35m[K]8;;https://gcc.gnu.org/onlinedocs/gcc/Warning-Options.html#index-Wunused-variable-Wunused-variable]8;;[m[K]
   31 |   int [01;35m[Ki[m[K=0;
      |       [01;35m[K^[m[K
[01m[K/home/meip-users/tb3_op/src/tb3_op/src/tb3_op_node.cpp:30:68:[m[K [01;35m[Kwarning: [m[Kunused parameter â€˜[01m[Kmsg[m[Kâ€™ [[01;35m[K]8;;https://gcc.gnu.org/onlinedocs/gcc/Warning-Options.html#index-Wunused-parameter-Wunused-parameter]8;;[m[K]
   30 | atic void cmdCallback([01;35m[Kconst geometry_msgs::msg::Twist::SharedPtr msg[m[K) {
      |                       [01;35m[K~~~~~~~~~~~~~~~~~~~~~~~~~~~~~~~~~~~~~~~~~~~^~~[m[K

[01m[K/home/meip-users/tb3_op/src/tb3_op/src/tb3_op_node.cpp:[m[K In function â€˜[01m[Kint main(int, char**)[m[Kâ€™:
[01m[K/home/meip-users/tb3_op/src/tb3_op/src/tb3_op_node.cpp:143:13:[m[K [01;31m[Kerror: [m[Kâ€˜[01m[Kbuffer[m[Kâ€™ was not declared in this scope; did you mean â€˜[01m[Ksetbuffer[m[Kâ€™?
  143 |     sprintf([01;31m[Kbuffer[m[K[0], "%s_tb3_node", argv[1]);
      |             [01;31m[K^~~~~~[m[K
      |             [32m[Ksetbuffer[m[K
[01m[K/home/meip-users/tb3_op/src/tb3_op/src/tb3_op_node.cpp:149:13:[m[K [01;31m[Kerror: [m[Kâ€˜[01m[Kbuffer[m[Kâ€™ was not declared in this scope; did you mean â€˜[01m[Ksetbuffer[m[Kâ€™?
  149 |     sprintf([01;31m[Kbuffer[m[K[0], "tb3_node");
      |             [01;31m[K^~~~~~[m[K
      |             [32m[Ksetbuffer[m[K
[01m[K/home/meip-users/tb3_op/src/tb3_op/src/tb3_op_node.cpp:156:41:[m[K [01;31m[Kerror: [m[Kâ€˜[01m[Kbuffer[m[Kâ€™ was not declared in this scope; did you mean â€˜[01m[Ksetbuffer[m[Kâ€™?
  156 |   auto node = rclcpp::Node::make_shared([01;31m[Kbuffer[m[K[0]);
      |                                         [01;31m[K^~~~~~[m[K
      |                                         [32m[Ksetbuffer[m[K
[01m[K/home/meip-users/tb3_op/src/tb3_op/src/tb3_op_node.cpp:158:55:[m[K [01;31m[Kerror: [m[Kexpected primary-expression before â€˜[01m[K>[m[Kâ€™ token
  158 |       node->create_publisher<geometry_msgs::msg::Twist[01;31m[K>[m[K("cmd_vel", 10);
      |                                                       [01;31m[K^[m[K
[01m[K/home/meip-users/tb3_op/src/tb3_op/src/tb3_op_node.cpp:158:57:[m[K [01;35m[Kwarning: [m[Kleft operand of comma operator has no effect [[01;35m[K]8;;https://gcc.gnu.org/onlinedocs/gcc/Warning-Options.html#index-Wunused-value-Wunused-value]8;;[m[K]
  158 |       node->create_publisher<geometry_msgs::msg::Twist>([01;35m[K"cmd_vel"[m[K, 10);
      |                                                         [01;35m[K^~~~~~~~~[m[K
[01m[K/home/meip-users/tb3_op/src/tb3_op/src/tb3_op_node.cpp:160:55:[m[K [01;31m[Kerror: [m[Kexpected primary-expression before â€˜[01m[K>[m[Kâ€™ token
  160 |       node->create_publisher<geometry_msgs::msg::Twist[01;31m[K>[m[K(buffer[1], 10);
      |                                                       [01;31m[K^[m[K
[01m[K/home/meip-users/tb3_op/src/tb3_op/src/tb3_op_node.cpp:161:74:[m[K [01;31m[Kerror: [m[Kexpected primary-expression before â€˜[01m[K>[m[Kâ€™ token
  161 | to subscriber = node->create_subscription<sensor_msgs::msg::LaserScan[01;31m[K>[m[K(
      |                                                                      [01;31m[K^[m[K

[01m[K/home/meip-users/tb3_op/src/tb3_op/src/tb3_op_node.cpp:163:76:[m[K [01;31m[Kerror: [m[Kexpected primary-expression before â€˜[01m[K>[m[Kâ€™ token
  163 |  cmd_subscriber = node->create_subscription<geometry_msgs::msg::Twist[01;31m[K>[m[K(
      |                                                                      [01;31m[K^[m[K

[01m[K/home/meip-users/tb3_op/src/tb3_op/src/tb3_op_node.cpp:164:7:[m[K [01;35m[Kwarning: [m[Kleft operand of comma operator has no effect [[01;35m[K]8;;https://gcc.gnu.org/onlinedocs/gcc/Warning-Options.html#index-Wunused-value-Wunused-value]8;;[m[K]
  164 |       [01;35m[K"cmd_vel"[m[K, 1, cmdCallback);
      |       [01;35m[K^~~~~~~~~[m[K
[01m[K/home/meip-users/tb3_op/src/tb3_op/src/tb3_op_node.cpp:164:21:[m[K [01;35m[Kwarning: [m[Kright operand of comma operator has no effect [[01;35m[K]8;;https://gcc.gnu.org/onlinedocs/gcc/Warning-Options.html#index-Wunused-value-Wunused-value]8;;[m[K]
  164 |       "cmd_vel", 1, [01;35m[KcmdCallback[m[K);
      |                     [01;35m[K^~~~~~~~~~~[m[K
[01m[K/home/meip-users/tb3_op/src/tb3_op/src/tb3_op_node.cpp:[m[K At global scope:
[01m[K/home/meip-users/tb3_op/src/tb3_op/src/tb3_op_node.cpp:95:13:[m[K [01;35m[Kwarning: [m[Kâ€˜[01m[Kvoid move_for_3sec()[m[Kâ€™ defined but not used [[01;35m[K]8;;https://gcc.gnu.org/onlinedocs/gcc/Warning-Options.html#index-Wunused-function-Wunused-function]8;;[m[K]
   95 | static void [01;35m[Kmove_for_3sec[m[K(void) {
      |             [01;35m[K^~~~~~~~~~~~~[m[K
[01m[K/home/meip-users/tb3_op/src/tb3_op/src/tb3_op_node.cpp:57:14:[m[K [01;35m[Kwarning: [m[Kâ€˜[01m[Kfloat get_right_distance()[m[Kâ€™ defined but not used [[01;35m[K]8;;https://gcc.gnu.org/onlinedocs/gcc/Warning-Options.html#index-Wunused-function-Wunused-function]8;;[m[K]
   57 | static float [01;35m[Kget_right_distance[m[K(void) {
      |              [01;35m[K^~~~~~~~~~~~~~~~~~[m[K
[01m[K/home/meip-users/tb3_op/src/tb3_op/src/tb3_op_node.cpp:40:14:[m[K [01;35m[Kwarning: [m[Kâ€˜[01m[Kfloat get_forward_distance()[m[Kâ€™ defined but not used [[01;35m[K]8;;https://gcc.gnu.org/onlinedocs/gcc/Warning-Options.html#index-Wunused-function-Wunused-function]8;;[m[K]
   40 | static float [01;35m[Kget_forward_distance[m[K(void) {
      |              [01;35m[K^~~~~~~~~~~~~~~~~~~~[m[K
gmake[2]: *** [CMakeFiles/tb3_op_node.dir/build.make:76: CMakeFiles/tb3_op_node.dir/src/tb3_op_node.cpp.o] Error 1
gmake[1]: *** [CMakeFiles/Makefile2:137: CMakeFiles/tb3_op_node.dir/all] Error 2
gmake: *** [Makefile:146: all] Error 2
